#
# A fatal error has been detected by the Java Runtime Environment:
#
#  EXCEPTION_ACCESS_VIOLATION (0xc0000005) at pc=0x00007ffc877e3004, pid=37892, tid=42336
#
# JRE version: OpenJDK Runtime Environment (24.0+36) (build 24+36-3646)
# Java VM: OpenJDK 64-Bit Server VM (24+36-3646, mixed mode, sharing, tiered, compressed oops, compressed class ptrs, g1 gc, windows-amd64)
# Problematic frame:
# C  [libasyncProfiler.dll+0x93004]
#
# No core dump will be written. Minidumps are not enabled by default on client versions of Windows
#
# If you would like to submit a bug report, please visit:
#   https://bugreport.java.com/bugreport/crash.jsp
# The crash happened outside the Java Virtual Machine in native code.
# See problematic frame for where to report the bug.
#

---------------  S U M M A R Y ------------

Command Line: -agentlib:jdwp=transport=dt_socket,address=127.0.0.1:60233,suspend=y,server=n -agentpath:C:\Users\dviro\AppData\Local\Temp\idea_libasyncProfiler_dll_temp_folder\libasyncProfiler.dll=version,jfr,event=wall,interval=10ms,cstack=no,file=C:\Users\dviro\IdeaSnapshots\VariableElimination_2025_04_17_210727.jfr,dbghelppath=C:\Users\dviro\AppData\Local\Temp\idea_dbghelp_dll_temp_folder1\dbghelp.dll,log=C:\Users\dviro\AppData\Local\Temp\VariableElimination_2025_04_17_210727.jfr.log.txt,logLevel=DEBUG -javaagent:C:\Users\dviro\AppData\Local\JetBrains\IntelliJIdea2024.3\captureAgent\debugger-agent.jar -Dkotlinx.coroutines.debug.enable.creation.stack.trace=false -Ddebugger.agent.enable.coroutines=true -Dkotlinx.coroutines.debug.enable.flows.stack.trace=true -Dkotlinx.coroutines.debug.enable.mutable.state.flows.stack.trace=true -Dfile.encoding=UTF-8 -Dsun.stdout.encoding=UTF-8 -Dsun.stderr.encoding=UTF-8 VariableElimination

Host: 13th Gen Intel(R) Core(TM) i9-13900H, 20 cores, 15G,  Windows 11 , 64 bit Build 26100 (10.0.26100.3323)
Time: Thu Apr 17 21:09:13 2025  Windows 11 , 64 bit Build 26100 (10.0.26100.3323) elapsed time: 105.314934 seconds (0d 0h 1m 45s)

---------------  T H R E A D  ---------------

Current thread (0x000001a7c1109120):  JavaThread "Attach Listener" daemon [_thread_in_native, id=42336, stack(0x0000002cebf00000,0x0000002cec000000) (1024K)]

Stack: [0x0000002cebf00000,0x0000002cec000000],  sp=0x0000002cebffed20,  free space=1019k
Native frames: (J=compiled Java code, j=interpreted, Vv=VM code, C=native code)
C  [libasyncProfiler.dll+0x93004]  (no source info available)
C  [libasyncProfiler.dll+0x934db]  (no source info available)
C  [libasyncProfiler.dll+0x92134]  (no source info available)
C  [libasyncProfiler.dll+0x929aa]  (no source info available)
C  [libasyncProfiler.dll+0x8d561]  (no source info available)
C  [libasyncProfiler.dll+0x7ef21]  (no source info available)
C  [libasyncProfiler.dll+0x7dc38]  (no source info available)
C  [libasyncProfiler.dll+0x7db20]  (no source info available)
C  [libasyncProfiler.dll+0x84af9]  (no source info available)
V  [jvm.dll+0x57f1b7]  (no source info available)
V  [jvm.dll+0x57ff2c]  (no source info available)
V  [jvm.dll+0x14c9b7]  (no source info available)
V  [jvm.dll+0x14df81]  (no source info available)
V  [jvm.dll+0x42f566]  (no source info available)
V  [jvm.dll+0x87d8fb]  (no source info available)
V  [jvm.dll+0x72efe5]  (no source info available)
C  [ucrtbase.dll+0x37b0]  (no source info available)
C  [KERNEL32.DLL+0x2e8d7]  (no source info available)
C  [ntdll.dll+0xbbf6c]  (no source info available)


siginfo: EXCEPTION_ACCESS_VIOLATION (0xc0000005), reading address 0xffffffffffffffff


Registers:
RAX=0x0000000000000010, RBX=0x0000000000000000, RCX=0xffffffffffffffff, RDX=0x007ffc69cb2ff010
RSP=0x0000002cebffed20, RBP=0x000001a7c1121fa8, RSI=0x0000002cebffee90, RDI=0x000001a7c1121fa8
R8 =0x0000000000000042, R9 =0x0000000715601ee8, R10=0x00007ffc69f29fc0, R11=0x0000000000000078
R12=0x0000002cebffee90, R13=0x000001a7cc160210, R14=0x000001a7c11094e8, R15=0x000001a7c11094e8
RIP=0x00007ffc877e3004, EFLAGS=0x0000000000010202

XMM[0]=0x0000000000000000 0x0000000000000000
XMM[1]=0x0000000000000000 0x0000000000000000
XMM[2]=0x0000000000000000 0x0000000000000000
XMM[3]=0x0000000000000000 0x0000000000000000
XMM[4]=0x0000000000000000 0x0000000000000000
XMM[5]=0x0000000000000000 0x0000000000000000
XMM[6]=0x0000000000000000 0x0000000000000000
XMM[7]=0x0000000000000000 0x0000000000000000
XMM[8]=0x0000000000000000 0x0000000000000000
XMM[9]=0x0000000000000000 0x0000000000000000
XMM[10]=0x0000000000000000 0x0000000000000000
XMM[11]=0x0000000000000000 0x0000000000000000
XMM[12]=0x0000000000000000 0x0000000000000000
XMM[13]=0x0000000000000000 0x0000000000000000
XMM[14]=0x0000000000000000 0x0000000000000000
XMM[15]=0x0000000000000000 0x0000000000000000
  MXCSR=0x00001fa0


Register to memory mapping:

RAX=0x0000000000000010 is an unknown value
RBX=0x0 is null
RCX=0xffffffffffffffff is an unknown value
RDX=0x007ffc69cb2ff010 is an unknown value
RSP=0x0000002cebffed20 is pointing into the stack for thread: 0x000001a7c1109120
RBP=0x000001a7c1121fa8 points into unknown readable memory: 0x0000000715601ee8 | e8 1e 60 15 07 00 00 00
RSI=0x0000002cebffee90 is pointing into the stack for thread: 0x000001a7c1109120
RDI=0x000001a7c1121fa8 points into unknown readable memory: 0x0000000715601ee8 | e8 1e 60 15 07 00 00 00
R8 =0x0000000000000042 is an unknown value
R9 =0x0000000715601ee8 is an oop: java.lang.Thread 
{0x0000000715601ee8} - klass: 'java/lang/Thread' - flags: 

 - ---- fields (total size 14 words):
 - 'threadLocalRandomProbe' 'I' @12  0 (0x00000000)
 - private volatile 'eetop' 'J' @16  1820235720176 (0x000001a7ce80e5f0)
 - private final 'tid' 'J' @24  3 (0x0000000000000003)
 - 'threadLocalRandomSeed' 'J' @32  0 (0x0000000000000000)
 - injected 'jvmti_thread_state' 'J' @40  1820011145456 (0x000001a7c11e28f0)
 - 'threadLocalRandomSecondarySeed' 'I' @48  0 (0x00000000)
 - injected 'jvmti_VTMS_transition_disable_count' 'I' @52  0 (0x00000000)
 - injected 'jfr_epoch' 'S' @56  0 (0x0000)
 - volatile 'interrupted' 'Z' @58  false (0x00)
 - injected 'jvmti_is_in_VTMS_transition' 'Z' @59  false (0x00)
 - private volatile 'name' 'Ljava/lang/String;' @60  "main"{0x0000000715601f58} (0xe2ac03eb)
 - private volatile 'contextClassLoader' 'Ljava/lang/ClassLoader;' @64  a 'jdk/internal/loader/ClassLoaders$AppClassLoader'{0x000000071561a120} (0xe2ac3424)
 - private final 'holder' 'Ljava/lang/Thread$FieldHolder;' @68  a 'java/lang/Thread$FieldHolder'{0x0000000715601f98} (0xe2ac03f3)
 - 'threadLocals' 'Ljava/lang/ThreadLocal$ThreadLocalMap;' @72  a 'java/lang/ThreadLocal$ThreadLocalMap'{0x00000007152ce608} (0xe2a59cc1)
 - 'inheritableThreadLocals' 'Ljava/lang/ThreadLocal$ThreadLocalMap;' @76  null (0x00000000)
 - private 'scopedValueBindings' 'Ljava/lang/Object;' @80  a 'java/lang/Class'{0x00000007ffe7c280} = 'java/lang/Thread' (0xfffcf850)
 - final 'interruptLock' 'Ljava/lang/Object;' @84  a 'java/lang/Object'{0x0000000715601f88} (0xe2ac03f1)
 - private volatile 'parkBlocker' 'Ljava/lang/Object;' @88  null (0x00000000)
 - private 'nioBlocker' 'Lsun/nio/ch/Interruptible;' @92  null (0x00000000)
 - private 'cont' 'Ljdk/internal/vm/Continuation;' @96  null (0x00000000)
 - private volatile 'uncaughtExceptionHandler' 'Ljava/lang/Thread$UncaughtExceptionHandler;' @100  null (0x00000000)
 - private 'container' 'Ljdk/internal/vm/ThreadContainer;' @104  null (0x00000000)
 - private volatile 'headStackableScopes' 'Ljdk/internal/vm/StackableScope;' @108  null (0x00000000)
R10=0x00007ffc69f29fc0 jvm.dll
R11=0x0000000000000078 is an unknown value
R12=0x0000002cebffee90 is pointing into the stack for thread: 0x000001a7c1109120
R13=0x000001a7cc160210 points into unknown readable memory: 0x00007ffc69e9a510 | 10 a5 e9 69 fc 7f 00 00
R14=0x000001a7c11094e8 points into unknown readable memory: 0x00007ffc69e917b0 | b0 17 e9 69 fc 7f 00 00
R15=0x000001a7c11094e8 points into unknown readable memory: 0x00007ffc69e917b0 | b0 17 e9 69 fc 7f 00 00

Top of Stack: (sp=0x0000002cebffed20)
0x0000002cebffed20:   0000002cebffee90 000001a7c1121fa8   ....,...........
0x0000002cebffed30:   0000000000000000 000001a7c1109870   ........p.......
0x0000002cebffed40:   0000000000000016 00007ffc877e34db   .........4~.....
0x0000002cebffed50:   0000000000000000 000001a7c11094e8   ................
0x0000002cebffed60:   0000002cebffee01 0000000000000000   ....,...........
0x0000002cebffed70:   000001a7c15b8fe0 00007ffc877e2134   ..[.....4!~.....
0x0000002cebffed80:   0000000000000000 0000000000000016   ................
0x0000002cebffed90:   0000000000000000 0000000000000016   ................
0x0000002cebffeda0:   0000000a00000002 000001a7c12a64a0   .........d*.....
0x0000002cebffedb0:   000001a7c15b8fe0 000001a7c15b9038   ..[.....8.[.....
0x0000002cebffedc0:   000001a7c15b9050 00000000000096d0   P.[.............
0x0000002cebffedd0:   0000000000000000 0000000000000000   ................
0x0000002cebffede0:   0000000000000000 00007ffc696f58e4   .........Xoi....
0x0000002cebffedf0:   00007ffc8793ae00 0000000000009404   ................
0x0000002cebffee00:   00007ffc8793ae00 00000000ffffffff   ................
0x0000002cebffee10:   0000000000000000 00007ffc877e29aa   .........)~.....
0x0000002cebffee20:   000001a7c11094e8 0000000000000000   ................
0x0000002cebffee30:   0000002cebffee99 000001a7cc160210   ....,...........
0x0000002cebffee40:   00007ffc00003b82 0000000000000000   .;..............
0x0000002cebffee50:   0000000000000000 00007ffcc6d69529   ........).......
0x0000002cebffee60:   000001a7c11094e8 00007ffc8793ae00   ................
0x0000002cebffee70:   0000000000000000 00007ffc8787bc53   ........S.......
0x0000002cebffee80:   0000000000000000 000001a7c11094e8   ................
0x0000002cebffee90:   000001a7c1455620 000001a7c14558e0    VE......XE.....
0x0000002cebffeea0:   000001a7c14558e0 00007ffc8793ae00   .XE.............
0x0000002cebffeeb0:   000001a7ce762078 0000002cebfff028   x v.....(...,...
0x0000002cebffeec0:   0000002cebfff160 0000000000008840   `...,...@.......
0x0000002cebffeed0:   0000002cebfff340 00007ffc8793ae50   @...,...P.......
0x0000002cebffeee0:   0000000000989680 0000000000989680   ................
0x0000002cebffeef0:   0000002cebfff000 00007ffc877dd561   ....,...a.}.....
0x0000002cebffef00:   00007ffc8793ae00 00007ffc8793ae58   ........X.......
0x0000002cebffef10:   00007ffc00000000 003e88bb00000001   ..............>.

Instructions: (pc=0x00007ffc877e3004)
  0x00007ffc877e2f04:   cc cc cc cc cc cc cc cc cc cc cc cc cc cc cc cc
  0x00007ffc877e2f14:   cc cc cc cc cc cc cc cc cc cc cc cc cc cc cc cc
  0x00007ffc877e2f24:   cc cc cc cc cc cc cc cc cc cc cc cc cc cc cc cc
  0x00007ffc877e2f34:   cc cc cc cc cc cc cc cc cc cc cc cc cc cc cc cc
  0x00007ffc877e2f44:   cc cc cc cc cc cc cc cc cc cc cc cc cc cc cc cc
  0x00007ffc877e2f54:   cc cc cc cc cc cc cc cc cc cc cc cc cc cc cc cc
  0x00007ffc877e2f64:   cc cc cc cc cc cc cc cc cc cc cc cc cc cc cc cc
  0x00007ffc877e2f74:   cc cc cc cc cc cc cc cc cc cc cc cc cc cc cc cc
  0x00007ffc877e2f84:   cc cc cc cc cc cc cc cc cc cc cc cc 40 57 48 83
  0x00007ffc877e2f94:   ec 20 48 8b f9 48 8b 0d 30 80 15 00 48 85 c9 74
  0x00007ffc877e2fa4:   20 48 8b 01 48 8d 54 24 38 41 b8 06 00 01 00 4c
  0x00007ffc877e2fb4:   8b 48 30 41 ff d1 85 c0 75 07 48 8b 4c 24 38 eb
  0x00007ffc877e2fc4:   02 33 c9 4c 8b 05 0a 81 15 00 48 89 5c 24 30 4d
  0x00007ffc877e2fd4:   85 c0 74 4a 48 8b 01 48 8b d7 4c 8b 88 28 03 00
  0x00007ffc877e2fe4:   00 41 ff d1 48 85 c0 74 35 48 63 0d b8 3d 15 00
  0x00007ffc877e2ff4:   48 8b 14 01 48 85 d2 74 15 48 63 05 bc 3d 15 00
=>0x00007ffc877e3004:   8b 04 10 48 8b 5c 24 30 48 83 c4 20 5f c3 b8 ff
  0x00007ffc877e3014:   ff ff ff 48 8b 5c 24 30 48 83 c4 20 5f c3 80 3d
  0x00007ffc877e3024:   bb 7f 15 00 00 bb ff ff ff ff 74 20 4c 8b 0d 51
  0x00007ffc877e3034:   7c 15 00 4c 8d 44 24 38 48 8b 0d 35 7c 15 00 48
  0x00007ffc877e3044:   8b d7 41 ff d1 85 c0 0f 44 5c 24 38 8b c3 48 8b
  0x00007ffc877e3054:   5c 24 30 48 83 c4 20 5f c3 cc cc cc cc cc cc cc
  0x00007ffc877e3064:   cc cc cc cc cc cc cc cc cc cc cc cc cc cc cc cc
  0x00007ffc877e3074:   cc cc cc cc cc cc cc cc cc cc cc cc cc cc cc cc
  0x00007ffc877e3084:   cc cc cc cc cc cc cc cc cc cc cc cc 48 89 54 24
  0x00007ffc877e3094:   10 53 55 56 57 41 56 41 57 48 83 ec 28 48 8b f2
  0x00007ffc877e30a4:   4c 8b f1 48 89 4c 24 78 45 33 ff 44 89 7c 24 68
  0x00007ffc877e30b4:   c7 44 24 60 01 00 00 00 48 8d 4c 24 68 e8 69 3c
  0x00007ffc877e30c4:   f7 ff 8b d8 48 8d 4c 24 60 e8 5d 3c f7 ff 8b e8
  0x00007ffc877e30d4:   49 8b ce e8 33 f3 f6 ff 48 8b f8 90 8b c3 f0 0f
  0x00007ffc877e30e4:   b1 2f 74 04 f3 90 eb f4 4c 89 3e 4c 89 7e 08 4c
  0x00007ffc877e30f4:   89 7e 10 49 8b 6e 08 4d 8b 76 10 49 3b ee 0f 84


Stack slot to memory mapping:

stack at sp + 0 slots: 0x0000002cebffee90 is pointing into the stack for thread: 0x000001a7c1109120
stack at sp + 1 slots: 0x000001a7c1121fa8 points into unknown readable memory: 0x0000000715601ee8 | e8 1e 60 15 07 00 00 00
stack at sp + 2 slots: 0x0 is null
stack at sp + 3 slots: 0x000001a7c1109870 points into unknown readable memory: 0x6e616c2e6176616a | 6a 61 76 61 2e 6c 61 6e
stack at sp + 4 slots: 0x0000000000000016 is an unknown value
stack at sp + 5 slots: 0x00007ffc877e34db libasyncProfiler.dll
stack at sp + 6 slots: 0x0 is null
stack at sp + 7 slots: 0x000001a7c11094e8 points into unknown readable memory: 0x00007ffc69e917b0 | b0 17 e9 69 fc 7f 00 00

Lock stack of current Java thread (top to bottom):


---------------  P R O C E S S  ---------------

Threads class SMR info:
_java_thread_list=0x000001a7c176f240, length=14, elements={
0x000001a7ce80e5f0, 0x000001a7c1100630, 0x000001a7c1100e70, 0x000001a7c1108370,
0x000001a7c1109120, 0x000001a7c1112640, 0x000001a7c11132a0, 0x000001a7c1120ca0,
0x000001a7c1124840, 0x000001a7c12705c0, 0x000001a7c13306b0, 0x000001a7c1331010,
0x000001a7c13a5820, 0x000001a7c14b8360
}

Java Threads: ( => current thread )
  0x000001a7ce80e5f0 JavaThread "main"                              [_thread_blocked, id=22844, stack(0x0000002ceb400000,0x0000002ceb500000) (1024K)]
  0x000001a7c1100630 JavaThread "Reference Handler"          daemon [_thread_blocked, id=35332, stack(0x0000002cebc00000,0x0000002cebd00000) (1024K)]
  0x000001a7c1100e70 JavaThread "Finalizer"                  daemon [_thread_blocked, id=39700, stack(0x0000002cebd00000,0x0000002cebe00000) (1024K)]
  0x000001a7c1108370 JavaThread "Signal Dispatcher"          daemon [_thread_blocked, id=12180, stack(0x0000002cebe00000,0x0000002cebf00000) (1024K)]
=>0x000001a7c1109120 JavaThread "Attach Listener"            daemon [_thread_in_native, id=42336, stack(0x0000002cebf00000,0x0000002cec000000) (1024K)]
  0x000001a7c1112640 JavaThread "Service Thread"             daemon [_thread_blocked, id=36156, stack(0x0000002cec000000,0x0000002cec100000) (1024K)]
  0x000001a7c11132a0 JavaThread "Monitor Deflation Thread"   daemon [_thread_blocked, id=40584, stack(0x0000002cec100000,0x0000002cec200000) (1024K)]
  0x000001a7c1120ca0 JavaThread "C2 CompilerThread0"         daemon [_thread_blocked, id=40928, stack(0x0000002cec200000,0x0000002cec300000) (1024K)]
  0x000001a7c1124840 JavaThread "C1 CompilerThread0"         daemon [_thread_blocked, id=28736, stack(0x0000002cec300000,0x0000002cec400000) (1024K)]
  0x000001a7c12705c0 JavaThread "Common-Cleaner"             daemon [_thread_blocked, id=17200, stack(0x0000002cec400000,0x0000002cec500000) (1024K)]
  0x000001a7c13306b0 JavaThread "JDWP Transport Listener: dt_socket" daemon [_thread_blocked, id=26324, stack(0x0000002cec800000,0x0000002cec900000) (1024K)]
  0x000001a7c1331010 JavaThread "JDWP Event Helper Thread"   daemon [_thread_blocked, id=31080, stack(0x0000002cec900000,0x0000002ceca00000) (1024K)]
  0x000001a7c13a5820 JavaThread "JDWP Command Reader"        daemon [_thread_in_native, id=20620, stack(0x0000002ceca00000,0x0000002cecb00000) (1024K)]
  0x000001a7c14b8360 JavaThread "Notification Thread"        daemon [_thread_blocked, id=38608, stack(0x0000002cecb00000,0x0000002cecc00000) (1024K)]
Total: 14

Other Threads:
  0x000001a7c10ed500 VMThread "VM Thread"                           [id=39764, stack(0x0000002cebb00000,0x0000002cebc00000) (1024K)]
  0x000001a7c10dba00 WatcherThread "VM Periodic Task Thread"        [id=39292, stack(0x0000002ceba00000,0x0000002cebb00000) (1024K)]
  0x000001a7ce32a960 WorkerThread "GC Thread#0"                     [id=41752, stack(0x0000002ceb500000,0x0000002ceb600000) (1024K)]
  0x000001a7ce33f280 ConcurrentGCThread "G1 Main Marker"            [id=16684, stack(0x0000002ceb600000,0x0000002ceb700000) (1024K)]
  0x000001a7ce340ea0 WorkerThread "G1 Conc#0"                       [id=41404, stack(0x0000002ceb700000,0x0000002ceb800000) (1024K)]
  0x000001a7ce3fd150 ConcurrentGCThread "G1 Refine#0"               [id=39512, stack(0x0000002ceb800000,0x0000002ceb900000) (1024K)]
  0x000001a7ce3fdcd0 ConcurrentGCThread "G1 Service"                [id=26528, stack(0x0000002ceb900000,0x0000002ceba00000) (1024K)]
Total: 7

Threads with active compile tasks:
Total: 0

VM state: not at safepoint (normal execution)

VM Mutex/Monitor currently owned by a thread: None

Heap address: 0x0000000705c00000, size: 4004 MB, Compressed Oops mode: Zero based, Oop shift amount: 3

CDS archive(s) mapped at: [0x000001a780000000-0x000001a780d40000-0x000001a780d40000), size 13893632, SharedBaseAddress: 0x000001a780000000, ArchiveRelocationMode: 1.
Compressed class space mapped at: 0x000001a781000000-0x000001a7c1000000, reserved size: 1073741824
UseCompressedClassPointers 1, UseCompactObjectHeaders 0
Narrow klass pointer bits 32, Max shift 3
Narrow klass base: 0x000001a780000000, Narrow klass shift: 0
Encoding Range: [0x000001a780000000 - 0x000001a880000000), (4294967296 bytes)
Klass Range:    [0x000001a780000000 - 0x000001a7c1000000), (1090519040 bytes)
Klass ID Range:  [8 - 1090519033) (1090519025)

GC Precious Log:
 CardTable entry size: 512
 Card Set container configuration: InlinePtr #cards 4 size 8 Array Of Cards #cards 16 size 48 Howl #buckets 8 coarsen threshold 3686 Howl Bitmap #cards 512 size 80 coarsen threshold 460 Card regions per heap region 1 cards per card region 4096
 CPUs: 20 total, 20 available
 Memory: 16008M
 Large Page Support: Disabled
 NUMA Support: Disabled
 Compressed Oops: Enabled (Zero based)
 Heap Region Size: 2M
 Heap Min Capacity: 8M
 Heap Initial Capacity: 252M
 Heap Max Capacity: 4004M
 Pre-touch: Disabled
 Parallel Workers: 15
 Concurrent Workers: 4
 Concurrent Refinement Workers: 15
 Periodic GC: Disabled

Heap:
 garbage-first heap   total reserved 4100096K, committed 260096K, used 9328K [0x0000000705c00000, 0x0000000800000000)
  region size 2048K, 5 young (10240K), 0 survivors (0K)
 Metaspace       used 4407K, committed 4544K, reserved 1114112K
  class space    used 319K, committed 384K, reserved 1048576K

Heap Regions: E=young(eden), S=young(survivor), O=old, HS=humongous(starts), HC=humongous(continues), CS=collection set, F=free, TAMS=top-at-mark-start, PB=parsable bottom
|   0|0x0000000705c00000, 0x0000000705c00000, 0x0000000705e00000|  0%| F|  |TAMS 0x0000000705c00000| PB 0x0000000705c00000| Untracked |  0
|   1|0x0000000705e00000, 0x0000000705e00000, 0x0000000706000000|  0%| F|  |TAMS 0x0000000705e00000| PB 0x0000000705e00000| Untracked |  0
|   2|0x0000000706000000, 0x0000000706000000, 0x0000000706200000|  0%| F|  |TAMS 0x0000000706000000| PB 0x0000000706000000| Untracked |  0
|   3|0x0000000706200000, 0x0000000706200000, 0x0000000706400000|  0%| F|  |TAMS 0x0000000706200000| PB 0x0000000706200000| Untracked |  0
|   4|0x0000000706400000, 0x0000000706400000, 0x0000000706600000|  0%| F|  |TAMS 0x0000000706400000| PB 0x0000000706400000| Untracked |  0
|   5|0x0000000706600000, 0x0000000706600000, 0x0000000706800000|  0%| F|  |TAMS 0x0000000706600000| PB 0x0000000706600000| Untracked |  0
|   6|0x0000000706800000, 0x0000000706800000, 0x0000000706a00000|  0%| F|  |TAMS 0x0000000706800000| PB 0x0000000706800000| Untracked |  0
|   7|0x0000000706a00000, 0x0000000706a00000, 0x0000000706c00000|  0%| F|  |TAMS 0x0000000706a00000| PB 0x0000000706a00000| Untracked |  0
|   8|0x0000000706c00000, 0x0000000706c00000, 0x0000000706e00000|  0%| F|  |TAMS 0x0000000706c00000| PB 0x0000000706c00000| Untracked |  0
|   9|0x0000000706e00000, 0x0000000706e00000, 0x0000000707000000|  0%| F|  |TAMS 0x0000000706e00000| PB 0x0000000706e00000| Untracked |  0
|  10|0x0000000707000000, 0x0000000707000000, 0x0000000707200000|  0%| F|  |TAMS 0x0000000707000000| PB 0x0000000707000000| Untracked |  0
|  11|0x0000000707200000, 0x0000000707200000, 0x0000000707400000|  0%| F|  |TAMS 0x0000000707200000| PB 0x0000000707200000| Untracked |  0
|  12|0x0000000707400000, 0x0000000707400000, 0x0000000707600000|  0%| F|  |TAMS 0x0000000707400000| PB 0x0000000707400000| Untracked |  0
|  13|0x0000000707600000, 0x0000000707600000, 0x0000000707800000|  0%| F|  |TAMS 0x0000000707600000| PB 0x0000000707600000| Untracked |  0
|  14|0x0000000707800000, 0x0000000707800000, 0x0000000707a00000|  0%| F|  |TAMS 0x0000000707800000| PB 0x0000000707800000| Untracked |  0
|  15|0x0000000707a00000, 0x0000000707a00000, 0x0000000707c00000|  0%| F|  |TAMS 0x0000000707a00000| PB 0x0000000707a00000| Untracked |  0
|  16|0x0000000707c00000, 0x0000000707c00000, 0x0000000707e00000|  0%| F|  |TAMS 0x0000000707c00000| PB 0x0000000707c00000| Untracked |  0
|  17|0x0000000707e00000, 0x0000000707e00000, 0x0000000708000000|  0%| F|  |TAMS 0x0000000707e00000| PB 0x0000000707e00000| Untracked |  0
|  18|0x0000000708000000, 0x0000000708000000, 0x0000000708200000|  0%| F|  |TAMS 0x0000000708000000| PB 0x0000000708000000| Untracked |  0
|  19|0x0000000708200000, 0x0000000708200000, 0x0000000708400000|  0%| F|  |TAMS 0x0000000708200000| PB 0x0000000708200000| Untracked |  0
|  20|0x0000000708400000, 0x0000000708400000, 0x0000000708600000|  0%| F|  |TAMS 0x0000000708400000| PB 0x0000000708400000| Untracked |  0
|  21|0x0000000708600000, 0x0000000708600000, 0x0000000708800000|  0%| F|  |TAMS 0x0000000708600000| PB 0x0000000708600000| Untracked |  0
|  22|0x0000000708800000, 0x0000000708800000, 0x0000000708a00000|  0%| F|  |TAMS 0x0000000708800000| PB 0x0000000708800000| Untracked |  0
|  23|0x0000000708a00000, 0x0000000708a00000, 0x0000000708c00000|  0%| F|  |TAMS 0x0000000708a00000| PB 0x0000000708a00000| Untracked |  0
|  24|0x0000000708c00000, 0x0000000708c00000, 0x0000000708e00000|  0%| F|  |TAMS 0x0000000708c00000| PB 0x0000000708c00000| Untracked |  0
|  25|0x0000000708e00000, 0x0000000708e00000, 0x0000000709000000|  0%| F|  |TAMS 0x0000000708e00000| PB 0x0000000708e00000| Untracked |  0
|  26|0x0000000709000000, 0x0000000709000000, 0x0000000709200000|  0%| F|  |TAMS 0x0000000709000000| PB 0x0000000709000000| Untracked |  0
|  27|0x0000000709200000, 0x0000000709200000, 0x0000000709400000|  0%| F|  |TAMS 0x0000000709200000| PB 0x0000000709200000| Untracked |  0
|  28|0x0000000709400000, 0x0000000709400000, 0x0000000709600000|  0%| F|  |TAMS 0x0000000709400000| PB 0x0000000709400000| Untracked |  0
|  29|0x0000000709600000, 0x0000000709600000, 0x0000000709800000|  0%| F|  |TAMS 0x0000000709600000| PB 0x0000000709600000| Untracked |  0
|  30|0x0000000709800000, 0x0000000709800000, 0x0000000709a00000|  0%| F|  |TAMS 0x0000000709800000| PB 0x0000000709800000| Untracked |  0
|  31|0x0000000709a00000, 0x0000000709a00000, 0x0000000709c00000|  0%| F|  |TAMS 0x0000000709a00000| PB 0x0000000709a00000| Untracked |  0
|  32|0x0000000709c00000, 0x0000000709c00000, 0x0000000709e00000|  0%| F|  |TAMS 0x0000000709c00000| PB 0x0000000709c00000| Untracked |  0
|  33|0x0000000709e00000, 0x0000000709e00000, 0x000000070a000000|  0%| F|  |TAMS 0x0000000709e00000| PB 0x0000000709e00000| Untracked |  0
|  34|0x000000070a000000, 0x000000070a000000, 0x000000070a200000|  0%| F|  |TAMS 0x000000070a000000| PB 0x000000070a000000| Untracked |  0
|  35|0x000000070a200000, 0x000000070a200000, 0x000000070a400000|  0%| F|  |TAMS 0x000000070a200000| PB 0x000000070a200000| Untracked |  0
|  36|0x000000070a400000, 0x000000070a400000, 0x000000070a600000|  0%| F|  |TAMS 0x000000070a400000| PB 0x000000070a400000| Untracked |  0
|  37|0x000000070a600000, 0x000000070a600000, 0x000000070a800000|  0%| F|  |TAMS 0x000000070a600000| PB 0x000000070a600000| Untracked |  0
|  38|0x000000070a800000, 0x000000070a800000, 0x000000070aa00000|  0%| F|  |TAMS 0x000000070a800000| PB 0x000000070a800000| Untracked |  0
|  39|0x000000070aa00000, 0x000000070aa00000, 0x000000070ac00000|  0%| F|  |TAMS 0x000000070aa00000| PB 0x000000070aa00000| Untracked |  0
|  40|0x000000070ac00000, 0x000000070ac00000, 0x000000070ae00000|  0%| F|  |TAMS 0x000000070ac00000| PB 0x000000070ac00000| Untracked |  0
|  41|0x000000070ae00000, 0x000000070ae00000, 0x000000070b000000|  0%| F|  |TAMS 0x000000070ae00000| PB 0x000000070ae00000| Untracked |  0
|  42|0x000000070b000000, 0x000000070b000000, 0x000000070b200000|  0%| F|  |TAMS 0x000000070b000000| PB 0x000000070b000000| Untracked |  0
|  43|0x000000070b200000, 0x000000070b200000, 0x000000070b400000|  0%| F|  |TAMS 0x000000070b200000| PB 0x000000070b200000| Untracked |  0
|  44|0x000000070b400000, 0x000000070b400000, 0x000000070b600000|  0%| F|  |TAMS 0x000000070b400000| PB 0x000000070b400000| Untracked |  0
|  45|0x000000070b600000, 0x000000070b600000, 0x000000070b800000|  0%| F|  |TAMS 0x000000070b600000| PB 0x000000070b600000| Untracked |  0
|  46|0x000000070b800000, 0x000000070b800000, 0x000000070ba00000|  0%| F|  |TAMS 0x000000070b800000| PB 0x000000070b800000| Untracked |  0
|  47|0x000000070ba00000, 0x000000070ba00000, 0x000000070bc00000|  0%| F|  |TAMS 0x000000070ba00000| PB 0x000000070ba00000| Untracked |  0
|  48|0x000000070bc00000, 0x000000070bc00000, 0x000000070be00000|  0%| F|  |TAMS 0x000000070bc00000| PB 0x000000070bc00000| Untracked |  0
|  49|0x000000070be00000, 0x000000070be00000, 0x000000070c000000|  0%| F|  |TAMS 0x000000070be00000| PB 0x000000070be00000| Untracked |  0
|  50|0x000000070c000000, 0x000000070c000000, 0x000000070c200000|  0%| F|  |TAMS 0x000000070c000000| PB 0x000000070c000000| Untracked |  0
|  51|0x000000070c200000, 0x000000070c200000, 0x000000070c400000|  0%| F|  |TAMS 0x000000070c200000| PB 0x000000070c200000| Untracked |  0
|  52|0x000000070c400000, 0x000000070c400000, 0x000000070c600000|  0%| F|  |TAMS 0x000000070c400000| PB 0x000000070c400000| Untracked |  0
|  53|0x000000070c600000, 0x000000070c600000, 0x000000070c800000|  0%| F|  |TAMS 0x000000070c600000| PB 0x000000070c600000| Untracked |  0
|  54|0x000000070c800000, 0x000000070c800000, 0x000000070ca00000|  0%| F|  |TAMS 0x000000070c800000| PB 0x000000070c800000| Untracked |  0
|  55|0x000000070ca00000, 0x000000070ca00000, 0x000000070cc00000|  0%| F|  |TAMS 0x000000070ca00000| PB 0x000000070ca00000| Untracked |  0
|  56|0x000000070cc00000, 0x000000070cc00000, 0x000000070ce00000|  0%| F|  |TAMS 0x000000070cc00000| PB 0x000000070cc00000| Untracked |  0
|  57|0x000000070ce00000, 0x000000070ce00000, 0x000000070d000000|  0%| F|  |TAMS 0x000000070ce00000| PB 0x000000070ce00000| Untracked |  0
|  58|0x000000070d000000, 0x000000070d000000, 0x000000070d200000|  0%| F|  |TAMS 0x000000070d000000| PB 0x000000070d000000| Untracked |  0
|  59|0x000000070d200000, 0x000000070d200000, 0x000000070d400000|  0%| F|  |TAMS 0x000000070d200000| PB 0x000000070d200000| Untracked |  0
|  60|0x000000070d400000, 0x000000070d400000, 0x000000070d600000|  0%| F|  |TAMS 0x000000070d400000| PB 0x000000070d400000| Untracked |  0
|  61|0x000000070d600000, 0x000000070d600000, 0x000000070d800000|  0%| F|  |TAMS 0x000000070d600000| PB 0x000000070d600000| Untracked |  0
|  62|0x000000070d800000, 0x000000070d800000, 0x000000070da00000|  0%| F|  |TAMS 0x000000070d800000| PB 0x000000070d800000| Untracked |  0
|  63|0x000000070da00000, 0x000000070da00000, 0x000000070dc00000|  0%| F|  |TAMS 0x000000070da00000| PB 0x000000070da00000| Untracked |  0
|  64|0x000000070dc00000, 0x000000070dc00000, 0x000000070de00000|  0%| F|  |TAMS 0x000000070dc00000| PB 0x000000070dc00000| Untracked |  0
|  65|0x000000070de00000, 0x000000070de00000, 0x000000070e000000|  0%| F|  |TAMS 0x000000070de00000| PB 0x000000070de00000| Untracked |  0
|  66|0x000000070e000000, 0x000000070e000000, 0x000000070e200000|  0%| F|  |TAMS 0x000000070e000000| PB 0x000000070e000000| Untracked |  0
|  67|0x000000070e200000, 0x000000070e200000, 0x000000070e400000|  0%| F|  |TAMS 0x000000070e200000| PB 0x000000070e200000| Untracked |  0
|  68|0x000000070e400000, 0x000000070e400000, 0x000000070e600000|  0%| F|  |TAMS 0x000000070e400000| PB 0x000000070e400000| Untracked |  0
|  69|0x000000070e600000, 0x000000070e600000, 0x000000070e800000|  0%| F|  |TAMS 0x000000070e600000| PB 0x000000070e600000| Untracked |  0
|  70|0x000000070e800000, 0x000000070e800000, 0x000000070ea00000|  0%| F|  |TAMS 0x000000070e800000| PB 0x000000070e800000| Untracked |  0
|  71|0x000000070ea00000, 0x000000070ea00000, 0x000000070ec00000|  0%| F|  |TAMS 0x000000070ea00000| PB 0x000000070ea00000| Untracked |  0
|  72|0x000000070ec00000, 0x000000070ec00000, 0x000000070ee00000|  0%| F|  |TAMS 0x000000070ec00000| PB 0x000000070ec00000| Untracked |  0
|  73|0x000000070ee00000, 0x000000070ee00000, 0x000000070f000000|  0%| F|  |TAMS 0x000000070ee00000| PB 0x000000070ee00000| Untracked |  0
|  74|0x000000070f000000, 0x000000070f000000, 0x000000070f200000|  0%| F|  |TAMS 0x000000070f000000| PB 0x000000070f000000| Untracked |  0
|  75|0x000000070f200000, 0x000000070f200000, 0x000000070f400000|  0%| F|  |TAMS 0x000000070f200000| PB 0x000000070f200000| Untracked |  0
|  76|0x000000070f400000, 0x000000070f400000, 0x000000070f600000|  0%| F|  |TAMS 0x000000070f400000| PB 0x000000070f400000| Untracked |  0
|  77|0x000000070f600000, 0x000000070f600000, 0x000000070f800000|  0%| F|  |TAMS 0x000000070f600000| PB 0x000000070f600000| Untracked |  0
|  78|0x000000070f800000, 0x000000070f800000, 0x000000070fa00000|  0%| F|  |TAMS 0x000000070f800000| PB 0x000000070f800000| Untracked |  0
|  79|0x000000070fa00000, 0x000000070fa00000, 0x000000070fc00000|  0%| F|  |TAMS 0x000000070fa00000| PB 0x000000070fa00000| Untracked |  0
|  80|0x000000070fc00000, 0x000000070fc00000, 0x000000070fe00000|  0%| F|  |TAMS 0x000000070fc00000| PB 0x000000070fc00000| Untracked |  0
|  81|0x000000070fe00000, 0x000000070fe00000, 0x0000000710000000|  0%| F|  |TAMS 0x000000070fe00000| PB 0x000000070fe00000| Untracked |  0
|  82|0x0000000710000000, 0x0000000710000000, 0x0000000710200000|  0%| F|  |TAMS 0x0000000710000000| PB 0x0000000710000000| Untracked |  0
|  83|0x0000000710200000, 0x0000000710200000, 0x0000000710400000|  0%| F|  |TAMS 0x0000000710200000| PB 0x0000000710200000| Untracked |  0
|  84|0x0000000710400000, 0x0000000710400000, 0x0000000710600000|  0%| F|  |TAMS 0x0000000710400000| PB 0x0000000710400000| Untracked |  0
|  85|0x0000000710600000, 0x0000000710600000, 0x0000000710800000|  0%| F|  |TAMS 0x0000000710600000| PB 0x0000000710600000| Untracked |  0
|  86|0x0000000710800000, 0x0000000710800000, 0x0000000710a00000|  0%| F|  |TAMS 0x0000000710800000| PB 0x0000000710800000| Untracked |  0
|  87|0x0000000710a00000, 0x0000000710a00000, 0x0000000710c00000|  0%| F|  |TAMS 0x0000000710a00000| PB 0x0000000710a00000| Untracked |  0
|  88|0x0000000710c00000, 0x0000000710c00000, 0x0000000710e00000|  0%| F|  |TAMS 0x0000000710c00000| PB 0x0000000710c00000| Untracked |  0
|  89|0x0000000710e00000, 0x0000000710e00000, 0x0000000711000000|  0%| F|  |TAMS 0x0000000710e00000| PB 0x0000000710e00000| Untracked |  0
|  90|0x0000000711000000, 0x0000000711000000, 0x0000000711200000|  0%| F|  |TAMS 0x0000000711000000| PB 0x0000000711000000| Untracked |  0
|  91|0x0000000711200000, 0x0000000711200000, 0x0000000711400000|  0%| F|  |TAMS 0x0000000711200000| PB 0x0000000711200000| Untracked |  0
|  92|0x0000000711400000, 0x0000000711400000, 0x0000000711600000|  0%| F|  |TAMS 0x0000000711400000| PB 0x0000000711400000| Untracked |  0
|  93|0x0000000711600000, 0x0000000711600000, 0x0000000711800000|  0%| F|  |TAMS 0x0000000711600000| PB 0x0000000711600000| Untracked |  0
|  94|0x0000000711800000, 0x0000000711800000, 0x0000000711a00000|  0%| F|  |TAMS 0x0000000711800000| PB 0x0000000711800000| Untracked |  0
|  95|0x0000000711a00000, 0x0000000711a00000, 0x0000000711c00000|  0%| F|  |TAMS 0x0000000711a00000| PB 0x0000000711a00000| Untracked |  0
|  96|0x0000000711c00000, 0x0000000711c00000, 0x0000000711e00000|  0%| F|  |TAMS 0x0000000711c00000| PB 0x0000000711c00000| Untracked |  0
|  97|0x0000000711e00000, 0x0000000711e00000, 0x0000000712000000|  0%| F|  |TAMS 0x0000000711e00000| PB 0x0000000711e00000| Untracked |  0
|  98|0x0000000712000000, 0x0000000712000000, 0x0000000712200000|  0%| F|  |TAMS 0x0000000712000000| PB 0x0000000712000000| Untracked |  0
|  99|0x0000000712200000, 0x0000000712200000, 0x0000000712400000|  0%| F|  |TAMS 0x0000000712200000| PB 0x0000000712200000| Untracked |  0
| 100|0x0000000712400000, 0x0000000712400000, 0x0000000712600000|  0%| F|  |TAMS 0x0000000712400000| PB 0x0000000712400000| Untracked |  0
| 101|0x0000000712600000, 0x0000000712600000, 0x0000000712800000|  0%| F|  |TAMS 0x0000000712600000| PB 0x0000000712600000| Untracked |  0
| 102|0x0000000712800000, 0x0000000712800000, 0x0000000712a00000|  0%| F|  |TAMS 0x0000000712800000| PB 0x0000000712800000| Untracked |  0
| 103|0x0000000712a00000, 0x0000000712a00000, 0x0000000712c00000|  0%| F|  |TAMS 0x0000000712a00000| PB 0x0000000712a00000| Untracked |  0
| 104|0x0000000712c00000, 0x0000000712c00000, 0x0000000712e00000|  0%| F|  |TAMS 0x0000000712c00000| PB 0x0000000712c00000| Untracked |  0
| 105|0x0000000712e00000, 0x0000000712e00000, 0x0000000713000000|  0%| F|  |TAMS 0x0000000712e00000| PB 0x0000000712e00000| Untracked |  0
| 106|0x0000000713000000, 0x0000000713000000, 0x0000000713200000|  0%| F|  |TAMS 0x0000000713000000| PB 0x0000000713000000| Untracked |  0
| 107|0x0000000713200000, 0x0000000713200000, 0x0000000713400000|  0%| F|  |TAMS 0x0000000713200000| PB 0x0000000713200000| Untracked |  0
| 108|0x0000000713400000, 0x0000000713400000, 0x0000000713600000|  0%| F|  |TAMS 0x0000000713400000| PB 0x0000000713400000| Untracked |  0
| 109|0x0000000713600000, 0x0000000713600000, 0x0000000713800000|  0%| F|  |TAMS 0x0000000713600000| PB 0x0000000713600000| Untracked |  0
| 110|0x0000000713800000, 0x0000000713800000, 0x0000000713a00000|  0%| F|  |TAMS 0x0000000713800000| PB 0x0000000713800000| Untracked |  0
| 111|0x0000000713a00000, 0x0000000713a00000, 0x0000000713c00000|  0%| F|  |TAMS 0x0000000713a00000| PB 0x0000000713a00000| Untracked |  0
| 112|0x0000000713c00000, 0x0000000713c00000, 0x0000000713e00000|  0%| F|  |TAMS 0x0000000713c00000| PB 0x0000000713c00000| Untracked |  0
| 113|0x0000000713e00000, 0x0000000713e00000, 0x0000000714000000|  0%| F|  |TAMS 0x0000000713e00000| PB 0x0000000713e00000| Untracked |  0
| 114|0x0000000714000000, 0x0000000714000000, 0x0000000714200000|  0%| F|  |TAMS 0x0000000714000000| PB 0x0000000714000000| Untracked |  0
| 115|0x0000000714200000, 0x0000000714200000, 0x0000000714400000|  0%| F|  |TAMS 0x0000000714200000| PB 0x0000000714200000| Untracked |  0
| 116|0x0000000714400000, 0x0000000714400000, 0x0000000714600000|  0%| F|  |TAMS 0x0000000714400000| PB 0x0000000714400000| Untracked |  0
| 117|0x0000000714600000, 0x0000000714600000, 0x0000000714800000|  0%| F|  |TAMS 0x0000000714600000| PB 0x0000000714600000| Untracked |  0
| 118|0x0000000714800000, 0x0000000714800000, 0x0000000714a00000|  0%| F|  |TAMS 0x0000000714800000| PB 0x0000000714800000| Untracked |  0
| 119|0x0000000714a00000, 0x0000000714a00000, 0x0000000714c00000|  0%| F|  |TAMS 0x0000000714a00000| PB 0x0000000714a00000| Untracked |  0
| 120|0x0000000714c00000, 0x0000000714c00000, 0x0000000714e00000|  0%| F|  |TAMS 0x0000000714c00000| PB 0x0000000714c00000| Untracked |  0
| 121|0x0000000714e00000, 0x0000000714ef91c8, 0x0000000715000000| 48%| E|  |TAMS 0x0000000714e00000| PB 0x0000000714e00000| Complete |  0
| 122|0x0000000715000000, 0x0000000715200000, 0x0000000715200000|100%| E|CS|TAMS 0x0000000715000000| PB 0x0000000715000000| Complete |  0
| 123|0x0000000715200000, 0x0000000715400000, 0x0000000715400000|100%| E|CS|TAMS 0x0000000715200000| PB 0x0000000715200000| Complete |  0
| 124|0x0000000715400000, 0x0000000715600000, 0x0000000715600000|100%| E|CS|TAMS 0x0000000715400000| PB 0x0000000715400000| Complete |  0
| 125|0x0000000715600000, 0x0000000715800000, 0x0000000715800000|100%| E|CS|TAMS 0x0000000715600000| PB 0x0000000715600000| Complete |  0
|2001|0x00000007ffe00000, 0x00000007fff1c348, 0x0000000800000000| 55%| O|  |TAMS 0x00000007ffe00000| PB 0x00000007ffe00000| Untracked |  0

Card table byte_map: [0x000001a7e7eb0000,0x000001a7e8690000] _byte_map_base: 0x000001a7e4682000

Marking Bits: (CMBitMap*) 0x000001a7ce32b070
 Bits: [0x000001a7e8690000, 0x000001a7ec520000)

Polling page: 0x000001a7cc120000

Metaspace:

Usage:
  Non-class:      3.99 MB used.
      Class:    319.14 KB used.
       Both:      4.30 MB used.

Virtual space:
  Non-class space:       64.00 MB reserved,       4.06 MB (  6%) committed,  1 nodes.
      Class space:        1.00 GB reserved,     384.00 KB ( <1%) committed,  1 nodes.
             Both:        1.06 GB reserved,       4.44 MB ( <1%) committed. 

Chunk freelists:
   Non-Class:  11.94 MB
       Class:  15.61 MB
        Both:  27.55 MB

MaxMetaspaceSize: unlimited
CompressedClassSpaceSize: 1.00 GB
Initial GC threshold: 21.00 MB
Current GC threshold: 21.00 MB
CDS: on
 - commit_granule_bytes: 65536.
 - commit_granule_words: 8192.
 - virtual_space_node_default_size: 8388608.
 - enlarge_chunks_in_place: 1.
UseCompressedClassPointers 1, UseCompactObjectHeaders 0
Narrow klass pointer bits 32, Max shift 3
Narrow klass base: 0x000001a780000000, Narrow klass shift: 0
Encoding Range: [0x000001a780000000 - 0x000001a880000000), (4294967296 bytes)
Klass Range:    [0x000001a780000000 - 0x000001a7c1000000), (1090519040 bytes)
Klass ID Range:  [8 - 1090519033) (1090519025)


Internal statistics:

num_allocs_failed_limit: 0.
num_arena_births: 26.
num_arena_deaths: 0.
num_vsnodes_births: 2.
num_vsnodes_deaths: 0.
num_space_committed: 71.
num_space_uncommitted: 0.
num_chunks_returned_to_freelist: 0.
num_chunks_taken_from_freelist: 33.
num_chunk_merges: 0.
num_chunk_splits: 20.
num_chunks_enlarged: 12.
num_inconsistent_stats: 0.

CodeHeap 'non-profiled nmethods': size=119232Kb used=130Kb max_used=130Kb free=119101Kb
 bounds [0x000001a7df380000, 0x000001a7df5f0000, 0x000001a7e67f0000]
CodeHeap 'profiled nmethods': size=119104Kb used=745Kb max_used=745Kb free=118358Kb
 bounds [0x000001a7d77f0000, 0x000001a7d7a60000, 0x000001a7dec40000]
CodeHeap 'non-nmethods': size=7424Kb used=1317Kb max_used=3020Kb free=6106Kb
 bounds [0x000001a7dec40000, 0x000001a7def40000, 0x000001a7df380000]
CodeCache: size=245760Kb, used=2192Kb, max_used=3895Kb, free=243565Kb
 total_blobs=943, nmethods=522, adapters=327, full_count=0
Compilation: enabled, stopped_count=0, restarted_count=0

Compilation events (20 events):
Event: 0.635 Thread 0x000001a7c1124840  513       1       com.sun.org.apache.xerces.internal.dom.NodeImpl::hasChildNodes (2 bytes)
Event: 0.635 Thread 0x000001a7c1282da0  514       1       com.sun.org.apache.xerces.internal.dom.ParentNode::ownerDocument (5 bytes)
Event: 0.635 Thread 0x000001a7c1283940  515       3       com.sun.org.apache.xerces.internal.dom.NodeImpl::needsSyncChildren (15 bytes)
Event: 0.635 Thread 0x000001a7c12858a0  516       3       com.sun.org.apache.xerces.internal.dom.NodeImpl::needsSyncData (15 bytes)
Event: 0.635 Thread 0x000001a7c1124840 nmethod 513 0x000001a7df3a0108 code [0x000001a7df3a0200, 0x000001a7df3a02c8]
Event: 0.635 Thread 0x000001a7c1124840  517       3       com.sun.org.apache.xerces.internal.dom.NodeImpl::isOwned (16 bytes)
Event: 0.635 Thread 0x000001a7c1282da0 nmethod 514 0x000001a7df3a0408 code [0x000001a7df3a0500, 0x000001a7df3a05c8]
Event: 0.635 Thread 0x000001a7c12858a0 nmethod 516 0x000001a7d78a8588 code [0x000001a7d78a86a0, 0x000001a7d78a8800]
Event: 0.635 Thread 0x000001a7c1283940 nmethod 515 0x000001a7d78a8888 code [0x000001a7d78a89a0, 0x000001a7d78a8b00]
Event: 0.635 Thread 0x000001a7c1124840 nmethod 517 0x000001a7d78a8b88 code [0x000001a7d78a8ca0, 0x000001a7d78a8e00]
Event: 0.638 Thread 0x000001a7c1124840  519       3       jdk.internal.classfile.impl.SplitConstantPool::utf8Entry (6 bytes)
Event: 0.638 Thread 0x000001a7c1124840 nmethod 519 0x000001a7d78a8e88 code [0x000001a7d78a8fa0, 0x000001a7d78a9170]
Event: 0.641 Thread 0x000001a7c1124840  520       3       com.sun.org.apache.xerces.internal.dom.ParentNode::getFirstChild (16 bytes)
Event: 0.641 Thread 0x000001a7c1283940  521       3       com.sun.org.apache.xerces.internal.dom.ChildNode::getParentNode (16 bytes)
Event: 0.641 Thread 0x000001a7c12858a0  522       3       com.sun.org.apache.xerces.internal.dom.ParentNode::hasChildNodes (24 bytes)
Event: 0.641 Thread 0x000001a7c1283940 nmethod 521 0x000001a7d78a9188 code [0x000001a7d78a92a0, 0x000001a7d78a9548]
Event: 0.641 Thread 0x000001a7c1124840 nmethod 520 0x000001a7d78a9588 code [0x000001a7d78a96c0, 0x000001a7d78a99f8]
Event: 0.641 Thread 0x000001a7c1124840  523       3       com.sun.org.apache.xerces.internal.dom.ElementImpl::getTagName (16 bytes)
Event: 0.641 Thread 0x000001a7c12858a0 nmethod 522 0x000001a7d78a9a88 code [0x000001a7d78a9bc0, 0x000001a7d78a9f48]
Event: 0.641 Thread 0x000001a7c1124840 nmethod 523 0x000001a7d78a9f88 code [0x000001a7d78aa0c0, 0x000001a7d78aa3f8]

GC Heap History (0 events):
No events

Dll operation events (9 events):
Event: 0.054 Loaded shared library C:\Users\dviro\.jdks\openjdk-24\bin\java.dll
Event: 0.058 Loaded shared library C:\Users\dviro\.jdks\openjdk-24\bin\zip.dll
Event: 0.091 Loaded shared library C:\Users\dviro\.jdks\openjdk-24\bin\jsvml.dll
Event: 0.281 Loaded shared library C:\Users\dviro\.jdks\openjdk-24\bin\instrument.dll
Event: 0.476 Loaded shared library C:\Users\dviro\.jdks\openjdk-24\bin\jimage.dll
Event: 0.515 Loaded shared library C:\Users\dviro\.jdks\openjdk-24\bin\net.dll
Event: 0.518 Loaded shared library C:\Users\dviro\.jdks\openjdk-24\bin\nio.dll
Event: 0.542 Loaded shared library C:\Users\dviro\.jdks\openjdk-24\bin\zip.dll
Event: 105.252 Loaded shared library C:\Users\dviro\AppData\Local\Temp\idea_libasyncProfiler_dll_temp_folder\libasyncProfiler.dll

Deoptimization events (12 events):
Event: 0.320 Thread 0x000001a7ce80e5f0 Uncommon trap: trap_request=0xffffff4d fr.pc=0x000001a7df38a6d4 relative=0x00000000000000b4
Event: 0.320 Thread 0x000001a7ce80e5f0 Uncommon trap: reason=unstable_if action=reinterpret pc=0x000001a7df38a6d4 method=java.lang.String.hashCode()I @ 42 c2
Event: 0.320 Thread 0x000001a7ce80e5f0 DEOPT PACKING pc=0x000001a7df38a6d4 sp=0x0000002ceb4fccc0
Event: 0.320 Thread 0x000001a7ce80e5f0 DEOPT UNPACKING pc=0x000001a7ded68882 sp=0x0000002ceb4fcc58 mode 2
Event: 0.600 Thread 0x000001a7ce80e5f0 Uncommon trap: trap_request=0xffffff4d fr.pc=0x000001a7df38ed70 relative=0x0000000000000730
Event: 0.600 Thread 0x000001a7ce80e5f0 Uncommon trap: reason=unstable_if action=reinterpret pc=0x000001a7df38ed70 method=java.util.HashMap.putVal(ILjava/lang/Object;Ljava/lang/Object;ZZ)Ljava/lang/Object; @ 181 c2
Event: 0.600 Thread 0x000001a7ce80e5f0 DEOPT PACKING pc=0x000001a7df38ed70 sp=0x0000002ceb4fe3b0
Event: 0.600 Thread 0x000001a7ce80e5f0 DEOPT UNPACKING pc=0x000001a7ded68882 sp=0x0000002ceb4fe340 mode 2
Event: 0.624 Thread 0x000001a7ce80e5f0 DEOPT PACKING pc=0x000001a7d78874f4 sp=0x0000002ceb4fe620
Event: 0.624 Thread 0x000001a7ce80e5f0 DEOPT UNPACKING pc=0x000001a7dec95722 sp=0x0000002ceb4fdaf8 mode 1
Event: 0.633 Thread 0x000001a7ce80e5f0 DEOPT PACKING pc=0x000001a7d788715c sp=0x0000002ceb4fee70
Event: 0.633 Thread 0x000001a7ce80e5f0 DEOPT UNPACKING pc=0x000001a7dec95722 sp=0x0000002ceb4fe348 mode 1

Classes loaded (20 events):
Event: 0.640 Loading class jdk/internal/math/FloatingDecimal
Event: 0.640 Loading class jdk/internal/math/FloatingDecimal done
Event: 0.640 Loading class jdk/internal/math/FloatingDecimal$ExceptionalBinaryToASCIIBuffer
Event: 0.640 Loading class jdk/internal/math/FloatingDecimal$BinaryToASCIIConverter
Event: 0.640 Loading class jdk/internal/math/FloatingDecimal$BinaryToASCIIConverter done
Event: 0.640 Loading class jdk/internal/math/FloatingDecimal$ExceptionalBinaryToASCIIBuffer done
Event: 0.640 Loading class jdk/internal/math/FloatingDecimal$BinaryToASCIIBuffer
Event: 0.640 Loading class jdk/internal/math/FloatingDecimal$BinaryToASCIIBuffer done
Event: 0.640 Loading class jdk/internal/math/FloatingDecimal$1
Event: 0.640 Loading class jdk/internal/math/FloatingDecimal$1 done
Event: 0.640 Loading class jdk/internal/math/FloatingDecimal$PreparedASCIIToBinaryBuffer
Event: 0.640 Loading class jdk/internal/math/FloatingDecimal$ASCIIToBinaryConverter
Event: 0.640 Loading class jdk/internal/math/FloatingDecimal$ASCIIToBinaryConverter done
Event: 0.640 Loading class jdk/internal/math/FloatingDecimal$PreparedASCIIToBinaryBuffer done
Event: 0.640 Loading class jdk/internal/math/FloatingDecimal$ASCIIToBinaryBuffer
Event: 0.641 Loading class jdk/internal/math/FloatingDecimal$ASCIIToBinaryBuffer done
Event: 105.205 Loading class kotlinx/coroutines/debug/internal/DebugProbesImpl
Event: 105.205 Loading class kotlinx/coroutines/debug/internal/DebugProbesImpl done
Event: 105.237 Loading class Factor
Event: 105.237 Loading class Factor done

Classes unloaded (0 events):
No events

Classes redefined (1 events):
Event: 0.342 Thread 0x000001a7c10ed500 redefined class name=java.lang.Throwable, count=1

Internal exceptions (3 events):
Event: 0.284 Thread 0x000001a7ce80e5f0 Exception <a 'java/lang/NoSuchMethodError'{0x0000000715536c48}: 'void java.lang.invoke.DirectMethodHandle$Holder.invokeStatic(java.lang.Object, java.lang.Object, java.lang.Object)'> (0x0000000715536c48) 
thrown [s\open\src\hotspot\share\interpreter\linkResolver.cpp, line 805]
Event: 0.295 Thread 0x000001a7ce80e5f0 Exception <a 'java/lang/NoSuchMethodError'{0x000000071556b808}: 'java.lang.Object java.lang.invoke.Invokers$Holder.invokeExact_MT(java.lang.Object, java.lang.Object, java.lang.Object, java.lang.Object, java.lang.Object)'> (0x000000071556b808) 
thrown [s\open\src\hotspot\share\interpreter\linkResolver.cpp, line 805]
Event: 0.556 Thread 0x000001a7ce80e5f0 Exception <a 'java/lang/NoSuchMethodError'{0x00000007153480b8}: 'java.lang.Object java.lang.invoke.DirectMethodHandle$Holder.invokeInterface(java.lang.Object, java.lang.Object)'> (0x00000007153480b8) 
thrown [s\open\src\hotspot\share\interpreter\linkResolver.cpp, line 805]

VM Operations (20 events):
Event: 105.241 Executing VM operation: ChangeBreakpoints
Event: 105.241 Executing VM operation: ChangeBreakpoints done
Event: 105.245 Executing VM operation: ChangeBreakpoints
Event: 105.245 Executing VM operation: ChangeBreakpoints done
Event: 105.264 Executing VM operation: get/set locals
Event: 105.264 Executing VM operation: get/set locals done
Event: 105.267 Executing VM operation: get/set locals
Event: 105.267 Executing VM operation: get/set locals done
Event: 105.267 Executing VM operation: get/set locals
Event: 105.267 Executing VM operation: get/set locals done
Event: 105.267 Executing VM operation: get/set locals
Event: 105.267 Executing VM operation: get/set locals done
Event: 105.267 Executing VM operation: get/set locals
Event: 105.267 Executing VM operation: get/set locals done
Event: 105.267 Executing VM operation: get/set locals
Event: 105.267 Executing VM operation: get/set locals done
Event: 105.267 Executing VM operation: get/set locals
Event: 105.267 Executing VM operation: get/set locals done
Event: 105.267 Executing VM operation: get/set locals
Event: 105.267 Executing VM operation: get/set locals done

Memory protections (0 events):
No events

Nmethod flushes (0 events):
No events

Events (20 events):
Event: 0.075 Thread 0x000001a7ce80e5f0 Thread added: 0x000001a7ce80e5f0
Event: 0.086 Thread 0x000001a7ce80e5f0 Thread added: 0x000001a7c1100630
Event: 0.086 Thread 0x000001a7ce80e5f0 Thread added: 0x000001a7c1100e70
Event: 0.087 Thread 0x000001a7ce80e5f0 Thread added: 0x000001a7c1108370
Event: 0.087 Thread 0x000001a7ce80e5f0 Thread added: 0x000001a7c1109120
Event: 0.087 Thread 0x000001a7ce80e5f0 Thread added: 0x000001a7c1112640
Event: 0.087 Thread 0x000001a7ce80e5f0 Thread added: 0x000001a7c11132a0
Event: 0.087 Thread 0x000001a7ce80e5f0 Thread added: 0x000001a7c1120ca0
Event: 0.087 Thread 0x000001a7ce80e5f0 Thread added: 0x000001a7c1124840
Event: 0.128 Thread 0x000001a7ce80e5f0 Thread added: 0x000001a7c12705c0
Event: 0.137 Thread 0x000001a7c1124840 Thread added: 0x000001a7c1282da0
Event: 0.137 Thread 0x000001a7c1124840 Thread added: 0x000001a7c1283940
Event: 0.138 Thread 0x000001a7c1282da0 Thread added: 0x000001a7c12858a0
Event: 0.167 Thread 0x000001a7ce80e5f0 Thread added: 0x000001a7c13306b0
Event: 0.167 Thread 0x000001a7ce80e5f0 Thread added: 0x000001a7c1331010
Event: 0.167 Thread 0x000001a7c13306b0 Thread added: 0x000001a7c13a5820
Event: 0.415 Thread 0x000001a7ce80e5f0 Thread added: 0x000001a7c14b8360
Event: 5.640 Thread 0x000001a7c12858a0 Thread exited: 0x000001a7c12858a0
Event: 10.640 Thread 0x000001a7c1283940 Thread exited: 0x000001a7c1283940
Event: 15.641 Thread 0x000001a7c1282da0 Thread exited: 0x000001a7c1282da0


Dynamic libraries:
0x00007ff63aa30000 - 0x00007ff63aa3e000 	C:\Users\dviro\.jdks\openjdk-24\bin\java.exe
0x00007ffcc95e0000 - 0x00007ffcc9843000 	C:\Windows\SYSTEM32\ntdll.dll
0x00007ffcc8e80000 - 0x00007ffcc8f47000 	C:\Windows\System32\KERNEL32.DLL
0x00007ffcc6cc0000 - 0x00007ffcc7089000 	C:\Windows\System32\KERNELBASE.dll
0x00007ffcc7090000 - 0x00007ffcc71dc000 	C:\Windows\System32\ucrtbase.dll
0x00007ffcc1470000 - 0x00007ffcc1486000 	C:\Users\dviro\.jdks\openjdk-24\bin\jli.dll
0x00007ffcc9100000 - 0x00007ffcc92ca000 	C:\Windows\System32\USER32.dll
0x00007ffcc6920000 - 0x00007ffcc6947000 	C:\Windows\System32\win32u.dll
0x00007ffcc9430000 - 0x00007ffcc945a000 	C:\Windows\System32\GDI32.dll
0x00007ffcbe7b0000 - 0x00007ffcbe7cb000 	C:\Users\dviro\.jdks\openjdk-24\bin\VCRUNTIME140.dll
0x00007ffcc67e0000 - 0x00007ffcc6911000 	C:\Windows\System32\gdi32full.dll
0x00007ffcac750000 - 0x00007ffcac9e0000 	C:\Windows\WinSxS\amd64_microsoft.windows.common-controls_6595b64144ccf1df_6.0.26100.3323_none_3e088096e3344490\COMCTL32.dll
0x00007ffcc6c10000 - 0x00007ffcc6cb3000 	C:\Windows\System32\msvcp_win.dll
0x00007ffcc7c40000 - 0x00007ffcc7ce9000 	C:\Windows\System32\msvcrt.dll
0x00007ffcc9460000 - 0x00007ffcc948f000 	C:\Windows\System32\IMM32.DLL
0x00007ffcc31a0000 - 0x00007ffcc31ac000 	C:\Users\dviro\.jdks\openjdk-24\bin\vcruntime140_1.dll
0x00007ffcb18b0000 - 0x00007ffcb193e000 	C:\Users\dviro\.jdks\openjdk-24\bin\msvcp140.dll
0x00007ffc69260000 - 0x00007ffc6a002000 	C:\Users\dviro\.jdks\openjdk-24\bin\server\jvm.dll
0x00007ffcc7410000 - 0x00007ffcc74c2000 	C:\Windows\System32\ADVAPI32.dll
0x00007ffcc9030000 - 0x00007ffcc90d6000 	C:\Windows\System32\sechost.dll
0x00007ffcc89d0000 - 0x00007ffcc8ae6000 	C:\Windows\System32\RPCRT4.dll
0x00007ffcc8750000 - 0x00007ffcc87c4000 	C:\Windows\System32\WS2_32.dll
0x00007ffcbe5f0000 - 0x00007ffcbe626000 	C:\Windows\SYSTEM32\WINMM.dll
0x00007ffcbc0b0000 - 0x00007ffcbc0bb000 	C:\Windows\SYSTEM32\VERSION.dll
0x00007ffcc6670000 - 0x00007ffcc66be000 	C:\Windows\SYSTEM32\POWRPROF.dll
0x00007ffcc6650000 - 0x00007ffcc6664000 	C:\Windows\SYSTEM32\UMPDC.dll
0x00007ffcc5600000 - 0x00007ffcc561a000 	C:\Windows\SYSTEM32\kernel.appcore.dll
0x00007ffcc2bd0000 - 0x00007ffcc2bda000 	C:\Users\dviro\.jdks\openjdk-24\bin\jimage.dll
0x00007ffcc3b50000 - 0x00007ffcc3d91000 	C:\Windows\SYSTEM32\DBGHELP.DLL
0x00007ffcc8af0000 - 0x00007ffcc8e72000 	C:\Windows\System32\combase.dll
0x00007ffcc92d0000 - 0x00007ffcc93a6000 	C:\Windows\System32\OLEAUT32.dll
0x00007ffcb3750000 - 0x00007ffcb3789000 	C:\Windows\SYSTEM32\dbgcore.DLL
0x00007ffcc71e0000 - 0x00007ffcc7279000 	C:\Windows\System32\bcryptPrimitives.dll
0x00007ffcab4a0000 - 0x00007ffcab4dc000 	C:\Users\dviro\.jdks\openjdk-24\bin\jdwp.dll
0x00007ffc87750000 - 0x00007ffc8795e000 	C:\Users\dviro\AppData\Local\Temp\idea_libasyncProfiler_dll_temp_folder\libasyncProfiler.dll
0x00007ffcb71e0000 - 0x00007ffcb71ef000 	C:\Users\dviro\.jdks\openjdk-24\bin\instrument.dll
0x00007ffcbbe60000 - 0x00007ffcbbe7e000 	C:\Users\dviro\.jdks\openjdk-24\bin\java.dll
0x00007ffcc8570000 - 0x00007ffcc8705000 	C:\Windows\System32\ole32.dll
0x00007ffcc74d0000 - 0x00007ffcc7be5000 	C:\Windows\System32\SHELL32.dll
0x00007ffcc6aa0000 - 0x00007ffcc6c08000 	C:\Windows\System32\wintypes.dll
0x00007ffcb7130000 - 0x00007ffcb7147000 	C:\Users\dviro\.jdks\openjdk-24\bin\zip.dll
0x00007ffcc44a0000 - 0x00007ffcc4ce5000 	C:\Windows\SYSTEM32\windows.storage.dll
0x00007ffcc94b0000 - 0x00007ffcc959b000 	C:\Windows\System32\SHCORE.dll
0x00007ffcc8f50000 - 0x00007ffcc8fad000 	C:\Windows\System32\shlwapi.dll
0x00007ffcc66f0000 - 0x00007ffcc671f000 	C:\Windows\SYSTEM32\profapi.dll
0x00007ffca90b0000 - 0x00007ffca9187000 	C:\Users\dviro\.jdks\openjdk-24\bin\jsvml.dll
0x00007ffcb7120000 - 0x00007ffcb712c000 	C:\Users\dviro\.jdks\openjdk-24\bin\dt_socket.dll
0x00007ffcc5070000 - 0x00007ffcc50a3000 	C:\Windows\SYSTEM32\IPHLPAPI.DLL
0x00007ffcc5b20000 - 0x00007ffcc5b8a000 	C:\Windows\system32\mswsock.dll
0x00007ffcbbe50000 - 0x00007ffcbbe60000 	C:\Users\dviro\.jdks\openjdk-24\bin\net.dll
0x00007ffcbb750000 - 0x00007ffcbb766000 	C:\Users\dviro\.jdks\openjdk-24\bin\nio.dll

dbghelp: loaded successfully - version: 4.0.5 - missing functions: none
symbol engine: initialized successfully - sym options: 0x614 - pdb path: .;C:\Users\dviro\.jdks\openjdk-24\bin;C:\Windows\SYSTEM32;C:\Windows\WinSxS\amd64_microsoft.windows.common-controls_6595b64144ccf1df_6.0.26100.3323_none_3e088096e3344490;C:\Users\dviro\.jdks\openjdk-24\bin\server;C:\Users\dviro\AppData\Local\Temp\idea_libasyncProfiler_dll_temp_folder

VM Arguments:
jvm_args: -agentlib:jdwp=transport=dt_socket,address=127.0.0.1:60233,suspend=y,server=n -agentpath:C:\Users\dviro\AppData\Local\Temp\idea_libasyncProfiler_dll_temp_folder\libasyncProfiler.dll=version,jfr,event=wall,interval=10ms,cstack=no,file=C:\Users\dviro\IdeaSnapshots\VariableElimination_2025_04_17_210727.jfr,dbghelppath=C:\Users\dviro\AppData\Local\Temp\idea_dbghelp_dll_temp_folder1\dbghelp.dll,log=C:\Users\dviro\AppData\Local\Temp\VariableElimination_2025_04_17_210727.jfr.log.txt,logLevel=DEBUG -javaagent:C:\Users\dviro\AppData\Local\JetBrains\IntelliJIdea2024.3\captureAgent\debugger-agent.jar -Dkotlinx.coroutines.debug.enable.creation.stack.trace=false -Ddebugger.agent.enable.coroutines=true -Dkotlinx.coroutines.debug.enable.flows.stack.trace=true -Dkotlinx.coroutines.debug.enable.mutable.state.flows.stack.trace=true -Dfile.encoding=UTF-8 -Dsun.stdout.encoding=UTF-8 -Dsun.stderr.encoding=UTF-8 
java_command: VariableElimination
java_class_path (initial): C:\Users\dviro\IdeaProjects\BayesianNetworks\out\production\BayesianNetworks;C:\Users\dviro\IdeaProjects\BayesianNetworks\lib\j2ee.jar;C:\Program Files\JetBrains\IntelliJ IDEA 2024.3.5\lib\idea_rt.jar
Launcher Type: SUN_STANDARD

[Global flags]
     intx CICompilerCount                          = 12                                        {product} {ergonomic}
     uint ConcGCThreads                            = 4                                         {product} {ergonomic}
     uint G1ConcRefinementThreads                  = 15                                        {product} {ergonomic}
   size_t G1HeapRegionSize                         = 2097152                                   {product} {ergonomic}
   size_t InitialHeapSize                          = 264241152                                 {product} {ergonomic}
   size_t MarkStackSize                            = 4194304                                   {product} {ergonomic}
   size_t MarkStackSizeMax                         = 536870912                                 {product} {ergonomic}
   size_t MaxHeapSize                              = 4198498304                                {product} {ergonomic}
   size_t MaxNewSize                               = 2518679552                                {product} {ergonomic}
   size_t MinHeapDeltaBytes                        = 2097152                                   {product} {ergonomic}
   size_t MinHeapSize                              = 8388608                                   {product} {ergonomic}
    uintx NonNMethodCodeHeapSize                   = 7602176                                {pd product} {ergonomic}
    uintx NonProfiledCodeHeapSize                  = 122093568                              {pd product} {ergonomic}
    uintx ProfiledCodeHeapSize                     = 121962496                              {pd product} {ergonomic}
    uintx ReservedCodeCacheSize                    = 251658240                              {pd product} {ergonomic}
     bool SegmentedCodeCache                       = true                                      {product} {ergonomic}
   size_t SoftMaxHeapSize                          = 4198498304                             {manageable} {ergonomic}
     bool UseCompressedOops                        = true                           {product lp64_product} {ergonomic}
     bool UseG1GC                                  = true                                      {product} {ergonomic}
     bool UseLargePagesIndividualAllocation        = false                                  {pd product} {ergonomic}

Logging:
Log output configuration:
 #0: stdout all=warning uptime,level,tags foldmultilines=false
 #1: stderr all=off uptime,level,tags foldmultilines=false

Environment Variables:
PATH=C:\Windows\system32;C:\Windows;C:\Windows\System32\Wbem;C:\Windows\System32\WindowsPowerShell\v1.0\;C:\Windows\System32\OpenSSH\;C:\Program Files\Git\cmd;C:\Program Files\MySQL\MySQL Shell 8.0\bin\;C:\Users\dviro\AppData\Local\Microsoft\WindowsApps;C:\Users\dviro\AppData\Local\Programs\Microsoft VS Code\bin
USERNAME=dviro
OS=Windows_NT
PROCESSOR_IDENTIFIER=Intel64 Family 6 Model 186 Stepping 2, GenuineIntel
TMP=C:\Users\dviro\AppData\Local\Temp
TEMP=C:\Users\dviro\AppData\Local\Temp




Periodic native trim disabled

---------------  S Y S T E M  ---------------

OS:
 Windows 11 , 64 bit Build 26100 (10.0.26100.3323)
OS uptime: 9 days 9:50 hours
Hyper-V role detected

CPU: total 20 (initial active 20) (10 cores per cpu, 2 threads per core) family 6 model 186 stepping 2 microcode 0x411f, cx8, cmov, fxsr, ht, mmx, 3dnowpref, sse, sse2, sse3, ssse3, sse4.1, sse4.2, popcnt, lzcnt, tsc, tscinvbit, avx, avx2, aes, erms, clmul, bmi1, bmi2, adx, sha, fma, vzeroupper, clflush, clflushopt, clwb, hv, serialize, rdtscp, rdpid, fsrm, gfni, f16c, cet_ibt, cet_ss
Processor Information for processor 0
  Max Mhz: 2600, Current Mhz: 2600, Mhz Limit: 2600
Processor Information for processor 1
  Max Mhz: 2600, Current Mhz: 1496, Mhz Limit: 2600
Processor Information for processor 2
  Max Mhz: 2600, Current Mhz: 2600, Mhz Limit: 2600
Processor Information for processor 3
  Max Mhz: 2600, Current Mhz: 2600, Mhz Limit: 2600
Processor Information for processor 4
  Max Mhz: 2600, Current Mhz: 2600, Mhz Limit: 2600
Processor Information for processor 5
  Max Mhz: 2600, Current Mhz: 2600, Mhz Limit: 2600
Processor Information for processor 6
  Max Mhz: 2600, Current Mhz: 2600, Mhz Limit: 2600
Processor Information for processor 7
  Max Mhz: 2600, Current Mhz: 2600, Mhz Limit: 2600
Processor Information for processor 8
  Max Mhz: 2600, Current Mhz: 2600, Mhz Limit: 2600
Processor Information for processor 9
  Max Mhz: 2600, Current Mhz: 2600, Mhz Limit: 2600
Processor Information for processor 10
  Max Mhz: 2600, Current Mhz: 2600, Mhz Limit: 2600
Processor Information for processor 11
  Max Mhz: 2600, Current Mhz: 2600, Mhz Limit: 2600
Processor Information for processor 12
  Max Mhz: 2600, Current Mhz: 1500, Mhz Limit: 1898
Processor Information for processor 13
  Max Mhz: 2600, Current Mhz: 1900, Mhz Limit: 1898
Processor Information for processor 14
  Max Mhz: 2600, Current Mhz: 1500, Mhz Limit: 1898
Processor Information for processor 15
  Max Mhz: 2600, Current Mhz: 1500, Mhz Limit: 1898
Processor Information for processor 16
  Max Mhz: 2600, Current Mhz: 1900, Mhz Limit: 1898
Processor Information for processor 17
  Max Mhz: 2600, Current Mhz: 1900, Mhz Limit: 1898
Processor Information for processor 18
  Max Mhz: 2600, Current Mhz: 1900, Mhz Limit: 1898
Processor Information for processor 19
  Max Mhz: 2600, Current Mhz: 1900, Mhz Limit: 1898

Memory: 4k page, system-wide physical 16008M (2913M free)
TotalPageFile size 29095M (AvailPageFile size 3328M)
current process WorkingSet (physical memory assigned to process): 60M, peak: 64M
current process commit charge ("private bytes"): 376M, peak: 380M

vm_info: OpenJDK 64-Bit Server VM (24+36-3646) for windows-amd64 JRE (24+36-3646), built on 2025-02-06T00:20:43Z with MS VC++ 17.6 (VS2022)

END.
